build/app/intermediates/manifest_merge_blame_file/productionDebug/manifest-merger-blame-production-debug-report.txt
1<?xml version="1.0" encoding="utf-8"?>
2<manifest xmlns:android="http://schemas.android.com/apk/res/android"
3    package="com.test.second"
4    android:versionCode="1"
5    android:versionName="0.0.1" >
6
7    <uses-sdk
8        android:minSdkVersion="34"
9        android:targetSdkVersion="34" />
10    <!--
11         Flutter needs it to communicate with the running application
12         to allow setting breakpoints, to provide hot reload, etc.
13    -->
14    <uses-permission android:name="android.permission.INTERNET" />
14-->src\main\AndroidManifest.xml:9:5-66
14-->src\main\AndroidManifest.xml:9:22-64
15    <uses-permission android:name="android.permission.USE_FINGERPRINT" />
15-->src\main\AndroidManifest.xml:8:5-73
15-->src\main\AndroidManifest.xml:8:22-71
16    <!-- Required for Android 13 or above -->
17    <uses-permission android:name="com.google.android.gms.permission.AD_ID" />
17-->src\main\AndroidManifest.xml:11:5-78
17-->src\main\AndroidManifest.xml:11:22-76
18    <uses-permission android:name="android.permission.ACCESS_NETWORK_STATE" />
18-->[:firebase_analytics] AndroidManifest.xml:7:5-79
18-->[:firebase_analytics] AndroidManifest.xml:7:22-76
19    <uses-permission android:name="android.permission.WAKE_LOCK" /> <!-- Permissions options for the `notification` group -->
19-->[:firebase_analytics] AndroidManifest.xml:9:5-68
19-->[:firebase_analytics] AndroidManifest.xml:9:22-65
20    <uses-permission android:name="android.permission.POST_NOTIFICATIONS" />
20-->[:firebase_messaging] AndroidManifest.xml:11:5-77
20-->[:firebase_messaging] AndroidManifest.xml:11:22-74
21
22    <queries>
22-->[:twitter_login] AndroidManifest.xml:7:5-11:15
23        <intent>
23-->[:twitter_login] AndroidManifest.xml:8:9-10:18
24            <action android:name="android.support.customtabs.action.CustomTabsService" />
24-->[:twitter_login] AndroidManifest.xml:9:13-90
24-->[:twitter_login] AndroidManifest.xml:9:21-87
25        </intent>
26        <intent>
26-->[com.android.billingclient:billing:6.1.0] AndroidManifest.xml:13:9-15:18
27            <action android:name="com.android.vending.billing.InAppBillingService.BIND" />
27-->[com.android.billingclient:billing:6.1.0] AndroidManifest.xml:14:13-91
27-->[com.android.billingclient:billing:6.1.0] AndroidManifest.xml:14:21-88
28        </intent>
29
30        <package android:name="com.facebook.katana" /> <!-- For browser content -->
30-->[com.facebook.android:facebook-common:17.0.0] AndroidManifest.xml:18:9-55
30-->[com.facebook.android:facebook-common:17.0.0] AndroidManifest.xml:18:18-52
31        <intent>
31-->[com.google.android.gms:play-services-ads-lite:22.5.0] AndroidManifest.xml:38:9-44:18
32            <action android:name="android.intent.action.VIEW" />
32-->[com.google.firebase:firebase-auth:22.3.1] AndroidManifest.xml:36:17-69
32-->[com.google.firebase:firebase-auth:22.3.1] AndroidManifest.xml:36:25-66
33
34            <category android:name="android.intent.category.BROWSABLE" />
34-->[com.google.firebase:firebase-auth:22.3.1] AndroidManifest.xml:39:17-78
34-->[com.google.firebase:firebase-auth:22.3.1] AndroidManifest.xml:39:27-75
35
36            <data android:scheme="https" />
36-->[com.google.firebase:firebase-auth:22.3.1] AndroidManifest.xml:41:17-44:51
36-->[com.google.firebase:firebase-auth:22.3.1] AndroidManifest.xml:44:21-48
37        </intent>
38    </queries>
39
40    <uses-permission android:name="com.android.vending.BILLING" />
40-->[com.android.billingclient:billing:6.1.0] AndroidManifest.xml:10:5-67
40-->[com.android.billingclient:billing:6.1.0] AndroidManifest.xml:10:22-64
41    <uses-permission android:name="android.permission.ACCESS_ADSERVICES_ATTRIBUTION" />
41-->[com.google.android.gms:play-services-measurement-api:21.6.2] AndroidManifest.xml:26:5-88
41-->[com.google.android.gms:play-services-measurement-api:21.6.2] AndroidManifest.xml:26:22-85
42    <uses-permission android:name="android.permission.ACCESS_ADSERVICES_AD_ID" /> <!-- Required by older versions of Google Play services to create IID tokens -->
42-->[com.google.android.gms:play-services-measurement-api:21.6.2] AndroidManifest.xml:27:5-82
42-->[com.google.android.gms:play-services-measurement-api:21.6.2] AndroidManifest.xml:27:22-79
43    <uses-permission android:name="com.google.android.c2dm.permission.RECEIVE" />
43-->[com.google.firebase:firebase-messaging:23.4.1] AndroidManifest.xml:26:5-82
43-->[com.google.firebase:firebase-messaging:23.4.1] AndroidManifest.xml:26:22-79
44    <uses-permission android:name="android.permission.ACCESS_ADSERVICES_TOPICS" />
44-->[com.google.android.gms:play-services-ads-lite:22.5.0] AndroidManifest.xml:29:5-83
44-->[com.google.android.gms:play-services-ads-lite:22.5.0] AndroidManifest.xml:29:22-80
45    <uses-permission android:name="com.google.android.finsky.permission.BIND_GET_INSTALL_REFERRER_SERVICE" />
45-->[com.google.android.gms:play-services-measurement:21.6.2] AndroidManifest.xml:26:5-110
45-->[com.google.android.gms:play-services-measurement:21.6.2] AndroidManifest.xml:26:22-107
46    <uses-permission android:name="com.google.android.providers.gsf.permission.READ_GSERVICES" />
46-->[com.google.android.recaptcha:recaptcha:18.4.0] AndroidManifest.xml:9:5-98
46-->[com.google.android.recaptcha:recaptcha:18.4.0] AndroidManifest.xml:9:22-95
47    <uses-permission android:name="android.permission.FOREGROUND_SERVICE" />
47-->[androidx.work:work-runtime:2.7.0] AndroidManifest.xml:28:5-77
47-->[androidx.work:work-runtime:2.7.0] AndroidManifest.xml:28:22-74
48
49    <permission
49-->[androidx.core:core:1.10.1] AndroidManifest.xml:22:5-24:47
50        android:name="com.test.second.DYNAMIC_RECEIVER_NOT_EXPORTED_PERMISSION"
50-->[androidx.core:core:1.10.1] AndroidManifest.xml:23:9-81
51        android:protectionLevel="signature" />
51-->[androidx.core:core:1.10.1] AndroidManifest.xml:24:9-44
52
53    <uses-permission android:name="com.test.second.DYNAMIC_RECEIVER_NOT_EXPORTED_PERMISSION" />
53-->[androidx.core:core:1.10.1] AndroidManifest.xml:26:5-97
53-->[androidx.core:core:1.10.1] AndroidManifest.xml:26:22-94
54
55    <application
56        android:name="android.app.Application"
57        android:appComponentFactory="androidx.core.app.CoreComponentFactory"
57-->[androidx.core:core:1.10.1] AndroidManifest.xml:28:18-86
58        android:debuggable="true"
59        android:extractNativeLibs="false"
60        android:icon="@mipmap/ic_launcher"
61        android:label="second []"
62        android:supportsRtl="true" >
62-->[com.facebook.android:facebook-login:17.0.0] AndroidManifest.xml:16:18-44
63        <activity
64            android:name="com.test.second.MainActivity"
65            android:configChanges="orientation|keyboardHidden|keyboard|screenSize|smallestScreenSize|locale|layoutDirection|fontScale|screenLayout|density|uiMode"
66            android:exported="true"
67            android:hardwareAccelerated="true"
68            android:launchMode="singleTop"
69            android:screenOrientation="portrait"
70            android:theme="@style/LaunchTheme"
71            android:windowSoftInputMode="adjustResize" >
72
73            <!--
74                 Specifies an Android theme to apply to this Activity as soon as
75                 the Android process has started. This theme is visible to the user
76                 while the Flutter UI initializes. After that, this theme continues
77                 to determine the Window background behind the Flutter UI.
78            -->
79            <meta-data
80                android:name="io.flutter.embedding.android.NormalTheme"
81                android:resource="@style/NormalTheme" />
82
83            <intent-filter>
84                <action android:name="android.intent.action.MAIN" />
85
86                <category android:name="android.intent.category.LAUNCHER" />
87            </intent-filter>
88            <intent-filter>
89                <action android:name="android.intent.action.VIEW" />
89-->[com.google.firebase:firebase-auth:22.3.1] AndroidManifest.xml:36:17-69
89-->[com.google.firebase:firebase-auth:22.3.1] AndroidManifest.xml:36:25-66
90
91                <category android:name="android.intent.category.DEFAULT" />
91-->[com.google.firebase:firebase-auth:22.3.1] AndroidManifest.xml:38:17-76
91-->[com.google.firebase:firebase-auth:22.3.1] AndroidManifest.xml:38:27-73
92                <category android:name="android.intent.category.BROWSABLE" />
92-->[com.google.firebase:firebase-auth:22.3.1] AndroidManifest.xml:39:17-78
92-->[com.google.firebase:firebase-auth:22.3.1] AndroidManifest.xml:39:27-75
93
94                <!-- Registered callback URL for deep linking -->
95                <data
95-->[com.google.firebase:firebase-auth:22.3.1] AndroidManifest.xml:41:17-44:51
96                    android:host="@string/flavor_deep_link_domain"
96-->[com.google.firebase:firebase-auth:22.3.1] AndroidManifest.xml:42:21-49
97                    android:scheme="https" />
97-->[com.google.firebase:firebase-auth:22.3.1] AndroidManifest.xml:44:21-48
98            </intent-filter>
99            <intent-filter>
100                <action android:name="android.intent.action.VIEW" />
100-->[com.google.firebase:firebase-auth:22.3.1] AndroidManifest.xml:36:17-69
100-->[com.google.firebase:firebase-auth:22.3.1] AndroidManifest.xml:36:25-66
101
102                <category android:name="android.intent.category.DEFAULT" />
102-->[com.google.firebase:firebase-auth:22.3.1] AndroidManifest.xml:38:17-76
102-->[com.google.firebase:firebase-auth:22.3.1] AndroidManifest.xml:38:27-73
103                <category android:name="android.intent.category.BROWSABLE" />
103-->[com.google.firebase:firebase-auth:22.3.1] AndroidManifest.xml:39:17-78
103-->[com.google.firebase:firebase-auth:22.3.1] AndroidManifest.xml:39:27-75
104
105                <!-- Registered callback URL for Twitter authentication -->
106                <data android:scheme="@string/twitter_redirect_uri_scheme" />
106-->[com.google.firebase:firebase-auth:22.3.1] AndroidManifest.xml:41:17-44:51
106-->[com.google.firebase:firebase-auth:22.3.1] AndroidManifest.xml:44:21-48
107            </intent-filter>
108        </activity>
109        <!--
110             Don't delete the meta-data below.
111             This is used by the Flutter tool to generate GeneratedPluginRegistrant.java
112        -->
113        <meta-data
114            android:name="flutterEmbedding"
115            android:value="2" />
116
117        <!-- Facebook authentication meta-data -->
118        <meta-data
119            android:name="com.facebook.sdk.ApplicationId"
120            android:value="@string/facebook_app_id" />
121        <meta-data
122            android:name="com.facebook.sdk.ClientToken"
123            android:value="@string/facebook_client_token" />
124        <!-- Google AdMob meta-data -->
125        <meta-data
126            android:name="com.google.android.gms.ads.APPLICATION_ID"
127            android:value="@string/admob_app_id" />
128        <meta-data
129            android:name="io.flutter.plugins.googlemobileads.FLUTTER_NEWS_TEMPLATE_VERSION"
130            android:value="1.0.0" />
131
132        <service
132-->[:firebase_crashlytics] AndroidManifest.xml:8:9-12:19
133            android:name="com.google.firebase.components.ComponentDiscoveryService"
133-->[:firebase_crashlytics] AndroidManifest.xml:8:18-89
134            android:directBootAware="true"
134-->[com.google.firebase:firebase-common:20.4.3] AndroidManifest.xml:32:13-43
135            android:exported="false" >
135-->[com.google.firebase:firebase-crashlytics:18.6.4] AndroidManifest.xml:14:13-37
136            <meta-data
136-->[:firebase_crashlytics] AndroidManifest.xml:9:13-11:85
137                android:name="com.google.firebase.components:io.flutter.plugins.firebase.crashlytics.FlutterFirebaseAppRegistrar"
137-->[:firebase_crashlytics] AndroidManifest.xml:10:17-130
138                android:value="com.google.firebase.components.ComponentRegistrar" />
138-->[:firebase_crashlytics] AndroidManifest.xml:11:17-82
139            <meta-data
139-->[:firebase_dynamic_links] AndroidManifest.xml:11:13-13:85
140                android:name="com.google.firebase.components:io.flutter.plugins.firebase.dynamiclinks.FlutterFirebaseAppRegistrar"
140-->[:firebase_dynamic_links] AndroidManifest.xml:12:17-131
141                android:value="com.google.firebase.components.ComponentRegistrar" />
141-->[:firebase_dynamic_links] AndroidManifest.xml:13:17-82
142            <meta-data
142-->[:firebase_analytics] AndroidManifest.xml:13:13-15:85
143                android:name="com.google.firebase.components:io.flutter.plugins.firebase.analytics.FlutterFirebaseAppRegistrar"
143-->[:firebase_analytics] AndroidManifest.xml:14:17-128
144                android:value="com.google.firebase.components.ComponentRegistrar" />
144-->[:firebase_analytics] AndroidManifest.xml:15:17-82
145            <meta-data
145-->[:firebase_auth] AndroidManifest.xml:9:13-11:85
146                android:name="com.google.firebase.components:io.flutter.plugins.firebase.auth.FlutterFirebaseAuthRegistrar"
146-->[:firebase_auth] AndroidManifest.xml:10:17-124
147                android:value="com.google.firebase.components.ComponentRegistrar" />
147-->[:firebase_auth] AndroidManifest.xml:11:17-82
148            <meta-data
148-->[:firebase_messaging] AndroidManifest.xml:36:13-38:85
149                android:name="com.google.firebase.components:io.flutter.plugins.firebase.messaging.FlutterFirebaseAppRegistrar"
149-->[:firebase_messaging] AndroidManifest.xml:37:17-128
150                android:value="com.google.firebase.components.ComponentRegistrar" />
150-->[:firebase_messaging] AndroidManifest.xml:38:17-82
151            <meta-data
151-->[:firebase_core] AndroidManifest.xml:9:13-11:85
152                android:name="com.google.firebase.components:io.flutter.plugins.firebase.core.FlutterFirebaseCoreRegistrar"
152-->[:firebase_core] AndroidManifest.xml:10:17-124
153                android:value="com.google.firebase.components.ComponentRegistrar" />
153-->[:firebase_core] AndroidManifest.xml:11:17-82
154            <meta-data
154-->[com.google.firebase:firebase-crashlytics:18.6.4] AndroidManifest.xml:15:13-17:85
155                android:name="com.google.firebase.components:com.google.firebase.crashlytics.FirebaseCrashlyticsKtxRegistrar"
155-->[com.google.firebase:firebase-crashlytics:18.6.4] AndroidManifest.xml:16:17-126
156                android:value="com.google.firebase.components.ComponentRegistrar" />
156-->[com.google.firebase:firebase-crashlytics:18.6.4] AndroidManifest.xml:17:17-82
157            <meta-data
157-->[com.google.firebase:firebase-crashlytics:18.6.4] AndroidManifest.xml:18:13-20:85
158                android:name="com.google.firebase.components:com.google.firebase.crashlytics.CrashlyticsRegistrar"
158-->[com.google.firebase:firebase-crashlytics:18.6.4] AndroidManifest.xml:19:17-115
159                android:value="com.google.firebase.components.ComponentRegistrar" />
159-->[com.google.firebase:firebase-crashlytics:18.6.4] AndroidManifest.xml:20:17-82
160            <meta-data
160-->[com.google.firebase:firebase-sessions:1.2.4] AndroidManifest.xml:29:13-31:85
161                android:name="com.google.firebase.components:com.google.firebase.sessions.FirebaseSessionsRegistrar"
161-->[com.google.firebase:firebase-sessions:1.2.4] AndroidManifest.xml:30:17-117
162                android:value="com.google.firebase.components.ComponentRegistrar" />
162-->[com.google.firebase:firebase-sessions:1.2.4] AndroidManifest.xml:31:17-82
163            <meta-data
163-->[com.google.android.gms:play-services-measurement-api:21.6.2] AndroidManifest.xml:37:13-39:85
164                android:name="com.google.firebase.components:com.google.firebase.analytics.connector.internal.AnalyticsConnectorRegistrar"
164-->[com.google.android.gms:play-services-measurement-api:21.6.2] AndroidManifest.xml:38:17-139
165                android:value="com.google.firebase.components.ComponentRegistrar" />
165-->[com.google.android.gms:play-services-measurement-api:21.6.2] AndroidManifest.xml:39:17-82
166            <meta-data
166-->[com.google.firebase:firebase-dynamic-links:21.2.0] AndroidManifest.xml:24:13-26:85
167                android:name="com.google.firebase.components:com.google.firebase.dynamiclinks.FirebaseDynamicLinksKtxRegistrar"
167-->[com.google.firebase:firebase-dynamic-links:21.2.0] AndroidManifest.xml:25:17-128
168                android:value="com.google.firebase.components.ComponentRegistrar" />
168-->[com.google.firebase:firebase-dynamic-links:21.2.0] AndroidManifest.xml:26:17-82
169            <meta-data
169-->[com.google.firebase:firebase-dynamic-links:21.2.0] AndroidManifest.xml:27:13-29:85
170                android:name="com.google.firebase.components:com.google.firebase.dynamiclinks.internal.FirebaseDynamicLinkRegistrar"
170-->[com.google.firebase:firebase-dynamic-links:21.2.0] AndroidManifest.xml:28:17-133
171                android:value="com.google.firebase.components.ComponentRegistrar" />
171-->[com.google.firebase:firebase-dynamic-links:21.2.0] AndroidManifest.xml:29:17-82
172            <meta-data
172-->[com.google.firebase:firebase-auth:22.3.1] AndroidManifest.xml:69:13-71:85
173                android:name="com.google.firebase.components:com.google.firebase.auth.FirebaseAuthRegistrar"
173-->[com.google.firebase:firebase-auth:22.3.1] AndroidManifest.xml:70:17-109
174                android:value="com.google.firebase.components.ComponentRegistrar" />
174-->[com.google.firebase:firebase-auth:22.3.1] AndroidManifest.xml:71:17-82
175            <meta-data
175-->[com.google.firebase:firebase-messaging:23.4.1] AndroidManifest.xml:57:13-59:85
176                android:name="com.google.firebase.components:com.google.firebase.messaging.FirebaseMessagingKtxRegistrar"
176-->[com.google.firebase:firebase-messaging:23.4.1] AndroidManifest.xml:58:17-122
177                android:value="com.google.firebase.components.ComponentRegistrar" />
177-->[com.google.firebase:firebase-messaging:23.4.1] AndroidManifest.xml:59:17-82
178            <meta-data
178-->[com.google.firebase:firebase-messaging:23.4.1] AndroidManifest.xml:60:13-62:85
179                android:name="com.google.firebase.components:com.google.firebase.messaging.FirebaseMessagingRegistrar"
179-->[com.google.firebase:firebase-messaging:23.4.1] AndroidManifest.xml:61:17-119
180                android:value="com.google.firebase.components.ComponentRegistrar" />
180-->[com.google.firebase:firebase-messaging:23.4.1] AndroidManifest.xml:62:17-82
181            <meta-data
181-->[com.google.firebase:firebase-iid:21.1.0] AndroidManifest.xml:32:13-34:85
182                android:name="com.google.firebase.components:com.google.firebase.iid.Registrar"
182-->[com.google.firebase:firebase-iid:21.1.0] AndroidManifest.xml:33:17-96
183                android:value="com.google.firebase.components.ComponentRegistrar" />
183-->[com.google.firebase:firebase-iid:21.1.0] AndroidManifest.xml:34:17-82
184            <meta-data
184-->[com.google.firebase:firebase-installations:17.2.0] AndroidManifest.xml:15:13-17:85
185                android:name="com.google.firebase.components:com.google.firebase.installations.FirebaseInstallationsKtxRegistrar"
185-->[com.google.firebase:firebase-installations:17.2.0] AndroidManifest.xml:16:17-130
186                android:value="com.google.firebase.components.ComponentRegistrar" />
186-->[com.google.firebase:firebase-installations:17.2.0] AndroidManifest.xml:17:17-82
187            <meta-data
187-->[com.google.firebase:firebase-installations:17.2.0] AndroidManifest.xml:18:13-20:85
188                android:name="com.google.firebase.components:com.google.firebase.installations.FirebaseInstallationsRegistrar"
188-->[com.google.firebase:firebase-installations:17.2.0] AndroidManifest.xml:19:17-127
189                android:value="com.google.firebase.components.ComponentRegistrar" />
189-->[com.google.firebase:firebase-installations:17.2.0] AndroidManifest.xml:20:17-82
190            <meta-data
190-->[com.google.firebase:firebase-common-ktx:20.4.3] AndroidManifest.xml:12:13-14:85
191                android:name="com.google.firebase.components:com.google.firebase.ktx.FirebaseCommonLegacyRegistrar"
191-->[com.google.firebase:firebase-common-ktx:20.4.3] AndroidManifest.xml:13:17-116
192                android:value="com.google.firebase.components.ComponentRegistrar" />
192-->[com.google.firebase:firebase-common-ktx:20.4.3] AndroidManifest.xml:14:17-82
193            <meta-data
193-->[com.google.firebase:firebase-datatransport:18.1.8] AndroidManifest.xml:27:13-29:85
194                android:name="com.google.firebase.components:com.google.firebase.datatransport.TransportRegistrar"
194-->[com.google.firebase:firebase-datatransport:18.1.8] AndroidManifest.xml:28:17-115
195                android:value="com.google.firebase.components.ComponentRegistrar" />
195-->[com.google.firebase:firebase-datatransport:18.1.8] AndroidManifest.xml:29:17-82
196            <meta-data
196-->[com.google.firebase:firebase-common:20.4.3] AndroidManifest.xml:35:13-37:85
197                android:name="com.google.firebase.components:com.google.firebase.FirebaseCommonKtxRegistrar"
197-->[com.google.firebase:firebase-common:20.4.3] AndroidManifest.xml:36:17-109
198                android:value="com.google.firebase.components.ComponentRegistrar" />
198-->[com.google.firebase:firebase-common:20.4.3] AndroidManifest.xml:37:17-82
199        </service>
200        <service
200-->[:firebase_messaging] AndroidManifest.xml:14:9-17:72
201            android:name="io.flutter.plugins.firebase.messaging.FlutterFirebaseMessagingBackgroundService"
201-->[:firebase_messaging] AndroidManifest.xml:15:13-107
202            android:exported="false"
202-->[:firebase_messaging] AndroidManifest.xml:16:13-37
203            android:permission="android.permission.BIND_JOB_SERVICE" />
203-->[:firebase_messaging] AndroidManifest.xml:17:13-69
204        <service
204-->[:firebase_messaging] AndroidManifest.xml:18:9-24:19
205            android:name="io.flutter.plugins.firebase.messaging.FlutterFirebaseMessagingService"
205-->[:firebase_messaging] AndroidManifest.xml:19:13-97
206            android:exported="false" >
206-->[:firebase_messaging] AndroidManifest.xml:20:13-37
207            <intent-filter>
207-->[:firebase_messaging] AndroidManifest.xml:21:13-23:29
208                <action android:name="com.google.firebase.MESSAGING_EVENT" />
208-->[:firebase_messaging] AndroidManifest.xml:22:17-78
208-->[:firebase_messaging] AndroidManifest.xml:22:25-75
209            </intent-filter>
210        </service>
211
212        <receiver
212-->[:firebase_messaging] AndroidManifest.xml:26:9-33:20
213            android:name="io.flutter.plugins.firebase.messaging.FlutterFirebaseMessagingReceiver"
213-->[:firebase_messaging] AndroidManifest.xml:27:13-98
214            android:exported="true"
214-->[:firebase_messaging] AndroidManifest.xml:28:13-36
215            android:permission="com.google.android.c2dm.permission.SEND" >
215-->[:firebase_messaging] AndroidManifest.xml:29:13-73
216            <intent-filter>
216-->[:firebase_messaging] AndroidManifest.xml:30:13-32:29
217                <action android:name="com.google.android.c2dm.intent.RECEIVE" />
217-->[:firebase_messaging] AndroidManifest.xml:31:17-81
217-->[:firebase_messaging] AndroidManifest.xml:31:25-78
218            </intent-filter>
219        </receiver>
220
221        <provider
221-->[:firebase_messaging] AndroidManifest.xml:41:9-45:38
222            android:name="io.flutter.plugins.firebase.messaging.FlutterFirebaseMessagingInitProvider"
222-->[:firebase_messaging] AndroidManifest.xml:42:13-102
223            android:authorities="com.test.second.flutterfirebasemessaginginitprovider"
223-->[:firebase_messaging] AndroidManifest.xml:43:13-88
224            android:exported="false"
224-->[:firebase_messaging] AndroidManifest.xml:44:13-37
225            android:initOrder="99" />
225-->[:firebase_messaging] AndroidManifest.xml:45:13-35
226
227        <activity
227-->[:url_launcher_android] AndroidManifest.xml:8:9-11:74
228            android:name="io.flutter.plugins.urllauncher.WebViewActivity"
228-->[:url_launcher_android] AndroidManifest.xml:9:13-74
229            android:exported="false"
229-->[:url_launcher_android] AndroidManifest.xml:10:13-37
230            android:theme="@android:style/Theme.NoTitleBar.Fullscreen" />
230-->[:url_launcher_android] AndroidManifest.xml:11:13-71
231
232        <meta-data
232-->[:google_mobile_ads] AndroidManifest.xml:10:9-12:36
233            android:name="io.flutter.embedded_views_preview"
233-->[:google_mobile_ads] AndroidManifest.xml:11:13-61
234            android:value="true" />
234-->[:google_mobile_ads] AndroidManifest.xml:12:13-33
235
236        <activity android:name="com.maru.twitter_login.chrome_custom_tabs.ChromeCustomTabsActivity" />
236-->[:twitter_login] AndroidManifest.xml:14:9-103
236-->[:twitter_login] AndroidManifest.xml:14:19-100
237        <!--
238           Declares a provider which allows us to store files to share in
239           '.../caches/share_plus' and grant the receiving action access
240        -->
241        <provider
241-->[:share_plus] AndroidManifest.xml:13:9-21:20
242            android:name="dev.fluttercommunity.plus.share.ShareFileProvider"
242-->[:share_plus] AndroidManifest.xml:14:13-77
243            android:authorities="com.test.second.flutter.share_provider"
243-->[:share_plus] AndroidManifest.xml:15:13-74
244            android:exported="false"
244-->[:share_plus] AndroidManifest.xml:16:13-37
245            android:grantUriPermissions="true" >
245-->[:share_plus] AndroidManifest.xml:17:13-47
246            <meta-data
246-->[:share_plus] AndroidManifest.xml:18:13-20:68
247                android:name="android.support.FILE_PROVIDER_PATHS"
247-->[:share_plus] AndroidManifest.xml:19:17-67
248                android:resource="@xml/flutter_share_file_paths" />
248-->[:share_plus] AndroidManifest.xml:20:17-65
249        </provider>
250        <!--
251           This manifest declared broadcast receiver allows us to use an explicit
252           Intent when creating a PendingItent to be informed of the user's choice
253        -->
254        <receiver
254-->[:share_plus] AndroidManifest.xml:26:9-32:20
255            android:name="dev.fluttercommunity.plus.share.SharePlusPendingIntent"
255-->[:share_plus] AndroidManifest.xml:27:13-82
256            android:exported="false" >
256-->[:share_plus] AndroidManifest.xml:28:13-37
257            <intent-filter>
257-->[:share_plus] AndroidManifest.xml:29:13-31:29
258                <action android:name="EXTRA_CHOSEN_COMPONENT" />
258-->[:share_plus] AndroidManifest.xml:30:17-65
258-->[:share_plus] AndroidManifest.xml:30:25-62
259            </intent-filter>
260        </receiver>
261
262        <meta-data
262-->[com.android.billingclient:billing:6.1.0] AndroidManifest.xml:19:9-21:37
263            android:name="com.google.android.play.billingclient.version"
263-->[com.android.billingclient:billing:6.1.0] AndroidManifest.xml:20:13-73
264            android:value="6.1.0" />
264-->[com.android.billingclient:billing:6.1.0] AndroidManifest.xml:21:13-34
265
266        <activity
266-->[com.android.billingclient:billing:6.1.0] AndroidManifest.xml:23:9-27:75
267            android:name="com.android.billingclient.api.ProxyBillingActivity"
267-->[com.android.billingclient:billing:6.1.0] AndroidManifest.xml:24:13-78
268            android:configChanges="keyboard|keyboardHidden|screenLayout|screenSize|orientation"
268-->[com.android.billingclient:billing:6.1.0] AndroidManifest.xml:25:13-96
269            android:exported="false"
269-->[com.android.billingclient:billing:6.1.0] AndroidManifest.xml:26:13-37
270            android:theme="@android:style/Theme.Translucent.NoTitleBar" />
270-->[com.android.billingclient:billing:6.1.0] AndroidManifest.xml:27:13-72
271
272        <service
272-->[com.google.firebase:firebase-sessions:1.2.4] AndroidManifest.xml:22:9-25:40
273            android:name="com.google.firebase.sessions.SessionLifecycleService"
273-->[com.google.firebase:firebase-sessions:1.2.4] AndroidManifest.xml:23:13-80
274            android:enabled="true"
274-->[com.google.firebase:firebase-sessions:1.2.4] AndroidManifest.xml:24:13-35
275            android:exported="false" />
275-->[com.google.firebase:firebase-sessions:1.2.4] AndroidManifest.xml:25:13-37
276
277        <property
277-->[com.google.android.gms:play-services-measurement-api:21.6.2] AndroidManifest.xml:30:9-32:61
278            android:name="android.adservices.AD_SERVICES_CONFIG"
278-->[com.google.android.gms:play-services-measurement-api:21.6.2] AndroidManifest.xml:31:13-65
279            android:resource="@xml/ga_ad_services_config" />
279-->[com.google.android.gms:play-services-measurement-api:21.6.2] AndroidManifest.xml:32:13-58
280
281        <activity
281-->[com.google.firebase:firebase-auth:22.3.1] AndroidManifest.xml:29:9-46:20
282            android:name="com.google.firebase.auth.internal.GenericIdpActivity"
282-->[com.google.firebase:firebase-auth:22.3.1] AndroidManifest.xml:30:13-80
283            android:excludeFromRecents="true"
283-->[com.google.firebase:firebase-auth:22.3.1] AndroidManifest.xml:31:13-46
284            android:exported="true"
284-->[com.google.firebase:firebase-auth:22.3.1] AndroidManifest.xml:32:13-36
285            android:launchMode="singleTask"
285-->[com.google.firebase:firebase-auth:22.3.1] AndroidManifest.xml:33:13-44
286            android:theme="@android:style/Theme.Translucent.NoTitleBar" >
286-->[com.google.firebase:firebase-auth:22.3.1] AndroidManifest.xml:34:13-72
287            <intent-filter>
287-->[com.google.firebase:firebase-auth:22.3.1] AndroidManifest.xml:35:13-45:29
288                <action android:name="android.intent.action.VIEW" />